app/build/intermediates/manifest_merge_blame_file/release/processReleaseMainManifest/manifest-merger-blame-release-report.txt
1<?xml version="1.0" encoding="utf-8"?>
2<manifest xmlns:android="http://schemas.android.com/apk/res/android"
3    package="com.yunx.app"
4    android:versionCode="8"
5    android:versionName="1.2.4" >
6
7    <uses-sdk
8        android:minSdkVersion="23"
9        android:targetSdkVersion="34" />
10
11    <uses-permission android:name="android.permission.FOREGROUND_SERVICE" />
11-->src/main/AndroidManifest.xml:4:5-77
11-->src/main/AndroidManifest.xml:4:22-74
12    <uses-permission android:name="android.permission.FOREGROUND_SERVICE_DATA_SYNC" />
12-->src/main/AndroidManifest.xml:5:5-87
12-->src/main/AndroidManifest.xml:5:22-84
13    <uses-permission android:name="android.permission.POST_NOTIFICATIONS" />
13-->src/main/AndroidManifest.xml:6:5-77
13-->src/main/AndroidManifest.xml:6:22-74
14    <uses-permission android:name="android.permission.INTERNET" />
14-->src/main/AndroidManifest.xml:7:5-67
14-->src/main/AndroidManifest.xml:7:22-64
15    <!-- 锁屏保持下载：息屏时维持 Wi-Fi/CPU，避免长时间下载断连 -->
16    <uses-permission android:name="android.permission.WAKE_LOCK" />
16-->src/main/AndroidManifest.xml:9:5-68
16-->src/main/AndroidManifest.xml:9:22-65
17    <!-- 锁屏保持下载：允许引导用户将应用加入「忽略电池优化」白名单 -->
18    <uses-permission android:name="android.permission.REQUEST_IGNORE_BATTERY_OPTIMIZATIONS" />
18-->src/main/AndroidManifest.xml:11:5-95
18-->src/main/AndroidManifest.xml:11:22-92
19    <!-- APK 安装：Android 8+ 检查「安装未知来源应用」权限需要 -->
20    <uses-permission android:name="android.permission.REQUEST_INSTALL_PACKAGES" />
20-->src/main/AndroidManifest.xml:13:5-83
20-->src/main/AndroidManifest.xml:13:22-80
21    <!-- Android 9- 写公共 Download 目录需要（10 走 MediaStore，legacy 模式回退也需要） -->
22    <uses-permission
22-->src/main/AndroidManifest.xml:15:5-17:38
23        android:name="android.permission.WRITE_EXTERNAL_STORAGE"
23-->src/main/AndroidManifest.xml:16:9-65
24        android:maxSdkVersion="29" />
24-->src/main/AndroidManifest.xml:17:9-35
25
26    <permission
26-->[androidx.core:core:1.17.0] AndroidManifest.xml:22:5-24:47
27        android:name="com.yunx.app.DYNAMIC_RECEIVER_NOT_EXPORTED_PERMISSION"
27-->[androidx.core:core:1.17.0] AndroidManifest.xml:23:9-81
28        android:protectionLevel="signature" />
28-->[androidx.core:core:1.17.0] AndroidManifest.xml:24:9-44
29
30    <uses-permission android:name="com.yunx.app.DYNAMIC_RECEIVER_NOT_EXPORTED_PERMISSION" />
30-->[androidx.core:core:1.17.0] AndroidManifest.xml:26:5-97
30-->[androidx.core:core:1.17.0] AndroidManifest.xml:26:22-94
31
32    <application
32-->src/main/AndroidManifest.xml:19:5-77:19
33        android:name="com.yunx.app.YunXApp"
33-->src/main/AndroidManifest.xml:20:9-32
34        android:allowBackup="true"
34-->src/main/AndroidManifest.xml:21:9-35
35        android:appComponentFactory="androidx.core.app.CoreComponentFactory"
35-->[androidx.core:core:1.17.0] AndroidManifest.xml:28:18-86
36        android:extractNativeLibs="false"
37        android:icon="@drawable/icon"
37-->src/main/AndroidManifest.xml:22:9-38
38        android:label="@string/app_name"
38-->src/main/AndroidManifest.xml:23:9-41
39        android:requestLegacyExternalStorage="true"
39-->src/main/AndroidManifest.xml:26:9-52
40        android:roundIcon="@drawable/icon"
40-->src/main/AndroidManifest.xml:24:9-43
41        android:supportsRtl="true"
41-->src/main/AndroidManifest.xml:25:9-35
42        android:theme="@style/Theme.ComposeEmptyActivity" >
42-->src/main/AndroidManifest.xml:27:9-58
43        <activity
43-->src/main/AndroidManifest.xml:29:9-37:20
44            android:name="com.yunx.app.MainActivity"
44-->src/main/AndroidManifest.xml:30:13-41
45            android:exported="true"
45-->src/main/AndroidManifest.xml:31:13-36
46            android:theme="@style/Theme.ComposeEmptyActivity" >
46-->src/main/AndroidManifest.xml:32:13-62
47            <intent-filter>
47-->src/main/AndroidManifest.xml:33:13-36:29
48                <action android:name="android.intent.action.MAIN" />
48-->src/main/AndroidManifest.xml:34:17-69
48-->src/main/AndroidManifest.xml:34:25-66
49
50                <category android:name="android.intent.category.LAUNCHER" />
50-->src/main/AndroidManifest.xml:35:17-77
50-->src/main/AndroidManifest.xml:35:27-74
51            </intent-filter>
52        </activity> <!-- 桌面图标动态切换（新图标 icon2）：默认禁用，主题与外观页切换后经 setComponentEnabledSetting 启用 -->
53        <activity-alias
53-->src/main/AndroidManifest.xml:40:9-51:26
54            android:name="com.yunx.app.MainActivityIcon2"
54-->src/main/AndroidManifest.xml:41:13-46
55            android:enabled="false"
55-->src/main/AndroidManifest.xml:42:13-36
56            android:exported="true"
56-->src/main/AndroidManifest.xml:43:13-36
57            android:icon="@drawable/icon2"
57-->src/main/AndroidManifest.xml:44:13-43
58            android:label="@string/app_name"
58-->src/main/AndroidManifest.xml:45:13-45
59            android:targetActivity="com.yunx.app.MainActivity" >
59-->src/main/AndroidManifest.xml:46:13-51
60            <intent-filter>
60-->src/main/AndroidManifest.xml:33:13-36:29
61                <action android:name="android.intent.action.MAIN" />
61-->src/main/AndroidManifest.xml:34:17-69
61-->src/main/AndroidManifest.xml:34:25-66
62
63                <category android:name="android.intent.category.LAUNCHER" />
63-->src/main/AndroidManifest.xml:35:17-77
63-->src/main/AndroidManifest.xml:35:27-74
64            </intent-filter>
65        </activity-alias>
66
67        <!-- 崩溃界面：独立进程运行，避免主线程崩溃后无法展示 UI -->
68        <activity
68-->src/main/AndroidManifest.xml:54:9-58:65
69            android:name="com.yunx.app.crash.CrashActivity"
69-->src/main/AndroidManifest.xml:55:13-48
70            android:exported="false"
70-->src/main/AndroidManifest.xml:56:13-37
71            android:process=":crash"
71-->src/main/AndroidManifest.xml:57:13-37
72            android:theme="@style/Theme.ComposeEmptyActivity" />
72-->src/main/AndroidManifest.xml:58:13-62
73
74        <!-- 下载前台服务：下载中保持前台，避免后台限速/进程被杀 -->
75        <service
75-->src/main/AndroidManifest.xml:61:9-64:56
76            android:name="com.yunx.app.data.download.DownloadService"
76-->src/main/AndroidManifest.xml:62:13-58
77            android:exported="false"
77-->src/main/AndroidManifest.xml:63:13-37
78            android:foregroundServiceType="dataSync" />
78-->src/main/AndroidManifest.xml:64:13-53
79
80        <!-- 文件共享：导出日志等场景（ACTION_SEND 分享） -->
81        <provider
82            android:name="androidx.core.content.FileProvider"
82-->src/main/AndroidManifest.xml:68:13-62
83            android:authorities="com.yunx.app.fileprovider"
83-->src/main/AndroidManifest.xml:69:13-64
84            android:exported="false"
84-->src/main/AndroidManifest.xml:70:13-37
85            android:grantUriPermissions="true" >
85-->src/main/AndroidManifest.xml:71:13-47
86            <meta-data
86-->src/main/AndroidManifest.xml:72:13-74:54
87                android:name="android.support.FILE_PROVIDER_PATHS"
87-->src/main/AndroidManifest.xml:73:17-67
88                android:resource="@xml/file_paths" />
88-->src/main/AndroidManifest.xml:74:17-51
89        </provider>
90
91        <service
91-->[androidx.room:room-runtime:2.6.1] AndroidManifest.xml:24:9-28:63
92            android:name="androidx.room.MultiInstanceInvalidationService"
92-->[androidx.room:room-runtime:2.6.1] AndroidManifest.xml:25:13-74
93            android:directBootAware="true"
93-->[androidx.room:room-runtime:2.6.1] AndroidManifest.xml:26:13-43
94            android:exported="false" />
94-->[androidx.room:room-runtime:2.6.1] AndroidManifest.xml:27:13-37
95
96        <provider
96-->[androidx.emoji2:emoji2:1.4.0] AndroidManifest.xml:24:9-32:20
97            android:name="androidx.startup.InitializationProvider"
97-->[androidx.emoji2:emoji2:1.4.0] AndroidManifest.xml:25:13-67
98            android:authorities="com.yunx.app.androidx-startup"
98-->[androidx.emoji2:emoji2:1.4.0] AndroidManifest.xml:26:13-68
99            android:exported="false" >
99-->[androidx.emoji2:emoji2:1.4.0] AndroidManifest.xml:27:13-37
100            <meta-data
100-->[androidx.emoji2:emoji2:1.4.0] AndroidManifest.xml:29:13-31:52
101                android:name="androidx.emoji2.text.EmojiCompatInitializer"
101-->[androidx.emoji2:emoji2:1.4.0] AndroidManifest.xml:30:17-75
102                android:value="androidx.startup" />
102-->[androidx.emoji2:emoji2:1.4.0] AndroidManifest.xml:31:17-49
103            <meta-data
103-->[androidx.lifecycle:lifecycle-process:2.9.4] AndroidManifest.xml:29:13-31:52
104                android:name="androidx.lifecycle.ProcessLifecycleInitializer"
104-->[androidx.lifecycle:lifecycle-process:2.9.4] AndroidManifest.xml:30:17-78
105                android:value="androidx.startup" />
105-->[androidx.lifecycle:lifecycle-process:2.9.4] AndroidManifest.xml:31:17-49
106            <meta-data
106-->[androidx.profileinstaller:profileinstaller:1.4.0] AndroidManifest.xml:29:13-31:52
107                android:name="androidx.profileinstaller.ProfileInstallerInitializer"
107-->[androidx.profileinstaller:profileinstaller:1.4.0] AndroidManifest.xml:30:17-85
108                android:value="androidx.startup" />
108-->[androidx.profileinstaller:profileinstaller:1.4.0] AndroidManifest.xml:31:17-49
109        </provider>
110
111        <receiver
111-->[androidx.profileinstaller:profileinstaller:1.4.0] AndroidManifest.xml:34:9-52:20
112            android:name="androidx.profileinstaller.ProfileInstallReceiver"
112-->[androidx.profileinstaller:profileinstaller:1.4.0] AndroidManifest.xml:35:13-76
113            android:directBootAware="false"
113-->[androidx.profileinstaller:profileinstaller:1.4.0] AndroidManifest.xml:36:13-44
114            android:enabled="true"
114-->[androidx.profileinstaller:profileinstaller:1.4.0] AndroidManifest.xml:37:13-35
115            android:exported="true"
115-->[androidx.profileinstaller:profileinstaller:1.4.0] AndroidManifest.xml:38:13-36
116            android:permission="android.permission.DUMP" >
116-->[androidx.profileinstaller:profileinstaller:1.4.0] AndroidManifest.xml:39:13-57
117            <intent-filter>
117-->[androidx.profileinstaller:profileinstaller:1.4.0] AndroidManifest.xml:40:13-42:29
118                <action android:name="androidx.profileinstaller.action.INSTALL_PROFILE" />
118-->[androidx.profileinstaller:profileinstaller:1.4.0] AndroidManifest.xml:41:17-91
118-->[androidx.profileinstaller:profileinstaller:1.4.0] AndroidManifest.xml:41:25-88
119            </intent-filter>
120            <intent-filter>
120-->[androidx.profileinstaller:profileinstaller:1.4.0] AndroidManifest.xml:43:13-45:29
121                <action android:name="androidx.profileinstaller.action.SKIP_FILE" />
121-->[androidx.profileinstaller:profileinstaller:1.4.0] AndroidManifest.xml:44:17-85
121-->[androidx.profileinstaller:profileinstaller:1.4.0] AndroidManifest.xml:44:25-82
122            </intent-filter>
123            <intent-filter>
123-->[androidx.profileinstaller:profileinstaller:1.4.0] AndroidManifest.xml:46:13-48:29
124                <action android:name="androidx.profileinstaller.action.SAVE_PROFILE" />
124-->[androidx.profileinstaller:profileinstaller:1.4.0] AndroidManifest.xml:47:17-88
124-->[androidx.profileinstaller:profileinstaller:1.4.0] AndroidManifest.xml:47:25-85
125            </intent-filter>
126            <intent-filter>
126-->[androidx.profileinstaller:profileinstaller:1.4.0] AndroidManifest.xml:49:13-51:29
127                <action android:name="androidx.profileinstaller.action.BENCHMARK_OPERATION" />
127-->[androidx.profileinstaller:profileinstaller:1.4.0] AndroidManifest.xml:50:17-95
127-->[androidx.profileinstaller:profileinstaller:1.4.0] AndroidManifest.xml:50:25-92
128            </intent-filter>
129        </receiver>
130    </application>
131
132</manifest>